prefix2020/10/17 10:02:33 test
INFO: 2020/10/17 10:31:42 main.go:48: test
INFO: 2020/10/17 10:31:42 main.go:54: test2
INFO: 2020/10/17 10:31:54 main.go:38: selected adventure/ - Walkthroughs and Hints for Text Adventures
INFO: 2020/10/17 10:31:54 main.go:38: selected anarchy/ - Files that YOU SHOULD NOT FOLLOW
INFO: 2020/10/17 10:31:55 main.go:38: selected apple/ - Apple II Technical and Lore
INFO: 2020/10/17 10:31:55 main.go:38: selected art/ - Various ASCII Artwork/Illustrations
INFO: 2020/10/17 10:31:56 main.go:38: selected bbs/ - Running and Using Bulletin Boards
INFO: 2020/10/17 10:31:56 main.go:38: selected computers/ - General Computer-Related Files
INFO: 2020/10/17 16:29:05 main.go:48: test
INFO: 2020/10/17 16:36:19 main.go:48: test
INFO: 2020/10/17 16:36:28 main.go:48: test
INFO: 2020/10/17 16:36:30 main.go:38: selected fun/ - A Weird Grab Bag of Oddness
INFO: 2020/10/17 16:36:40 main.go:48: test
INFO: 2020/10/17 17:27:11 main.go:51: test
INFO: 2020/10/17 17:27:17 main.go:41: selected fun/ - A Weird Grab Bag of Oddness
INFO: 2020/10/17 18:43:19 main.go:52: test
INFO: 2020/10/17 18:48:58 main.go:52: test
INFO: 2020/10/17 18:49:44 main.go:52: test
INFO: 2020/10/17 18:49:44 main.go:60: Index is 100/
INFO: 2020/10/17 18:49:44 main.go:60: Index is adventure/
INFO: 2020/10/17 18:49:44 main.go:60: Index is anarchy/
INFO: 2020/10/17 18:49:44 main.go:60: Index is apple/
INFO: 2020/10/17 18:49:44 main.go:60: Index is art/
INFO: 2020/10/17 18:49:44 main.go:60: Index is bbs/
INFO: 2020/10/17 18:49:44 main.go:60: Index is computers/
INFO: 2020/10/17 18:49:44 main.go:60: Index is conspiracy/
INFO: 2020/10/17 18:49:44 main.go:60: Index is drugs/
INFO: 2020/10/17 18:49:44 main.go:60: Index is etext/
INFO: 2020/10/17 18:49:44 main.go:60: Index is food/
INFO: 2020/10/17 18:49:44 main.go:60: Index is fun/
INFO: 2020/10/17 18:49:44 main.go:60: Index is games/
INFO: 2020/10/17 18:49:44 main.go:60: Index is groups/
INFO: 2020/10/17 18:49:44 main.go:60: Index is hacking/
INFO: 2020/10/17 18:49:44 main.go:60: Index is hamradio/
INFO: 2020/10/17 18:49:44 main.go:60: Index is holiday/
INFO: 2020/10/17 18:49:44 main.go:60: Index is humor/
INFO: 2020/10/17 18:49:44 main.go:60: Index is internet/
INFO: 2020/10/17 18:49:44 main.go:60: Index is law/
INFO: 2020/10/17 18:49:44 main.go:60: Index is magazines/
INFO: 2020/10/17 18:49:44 main.go:60: Index is media/
INFO: 2020/10/17 18:49:44 main.go:60: Index is messages/
INFO: 2020/10/17 18:49:44 main.go:60: Index is music/
INFO: 2020/10/17 18:49:44 main.go:60: Index is news/
INFO: 2020/10/17 18:49:44 main.go:60: Index is occult/
INFO: 2020/10/17 18:49:44 main.go:60: Index is phreak/
INFO: 2020/10/17 18:49:44 main.go:60: Index is piracy/
INFO: 2020/10/17 18:49:44 main.go:60: Index is politics/
INFO: 2020/10/17 18:49:44 main.go:60: Index is programming/
INFO: 2020/10/17 18:49:44 main.go:60: Index is reports/
INFO: 2020/10/17 18:49:44 main.go:60: Index is rpg/
INFO: 2020/10/17 18:49:44 main.go:60: Index is science/
INFO: 2020/10/17 18:49:44 main.go:60: Index is sex/
INFO: 2020/10/17 18:49:44 main.go:60: Index is sf/
INFO: 2020/10/17 18:49:44 main.go:60: Index is stories/
INFO: 2020/10/17 18:49:44 main.go:60: Index is survival/
INFO: 2020/10/17 18:49:44 main.go:60: Index is ufo/
INFO: 2020/10/17 18:49:44 main.go:60: Index is uploads/
INFO: 2020/10/17 18:49:44 main.go:60: Index is virus/
INFO: 2020/10/17 18:50:06 main.go:52: test
INFO: 2020/10/17 18:54:27 main.go:52: test
INFO: 2020/10/17 18:57:46 main.go:51: test
INFO: 2020/10/17 19:12:28 logger.go:17: test
INFO: 2020/10/17 19:12:30 main.go:39: selected 100/ - No time to browse? Read my favorite 100
INFO: 2020/10/17 19:12:32 main.go:39: selected 100/ - No time to browse? Read my favorite 100
INFO: 2020/10/17 19:14:42 logger.go:17: test
INFO: 2020/10/17 19:14:46 main.go:39: selected programming/ - All of the Deep Geek Stuff
INFO: 2020/10/17 19:16:30 logger.go:17: test
INFO: 2020/10/17 19:20:58 logger.go:17: test
INFO: 2020/10/17 19:25:17 logger.go:17: test
INFO: 2020/10/18 16:16:42 logger.go:17: test
INFO: 2020/10/18 16:16:44 pagemain.go:11: selected anarchy/ - Files that YOU SHOULD NOT FOLLOW
INFO: 2020/10/18 16:16:44 pagetextlist.go:8: load category anarchy/
INFO: 2020/10/18 16:19:06 logger.go:17: test
INFO: 2020/10/18 16:19:07 pagemain.go:11: selected adventure/ - Walkthroughs and Hints for Text Adventures
INFO: 2020/10/18 16:19:07 pagetextlist.go:9: load category adventure/
INFO: 2020/10/18 16:19:44 logger.go:17: test
INFO: 2020/10/18 16:19:45 pagemain.go:11: selected adventure/ - Walkthroughs and Hints for Text Adventures
INFO: 2020/10/18 16:19:45 pagetextlist.go:9: load category adventure/
INFO: 2020/10/18 16:19:45 pagetextlist.go:12: load category file adventure/index.json
INFO: 2020/10/18 16:20:04 logger.go:17: test
INFO: 2020/10/18 16:20:05 pagemain.go:11: selected adventure/ - Walkthroughs and Hints for Text Adventures
INFO: 2020/10/18 16:20:05 pagetextlist.go:9: load category adventure/
INFO: 2020/10/18 16:20:05 pagetextlist.go:12: load category file ./assets/adventure/index.json
INFO: 2020/10/18 16:20:09 pagemain.go:11: selected INFOCOM/ - Files About Infocom, the Greatest Adventure Makers Ever
INFO: 2020/10/18 16:20:09 pagetextlist.go:9: load category 100/
INFO: 2020/10/18 16:20:09 pagetextlist.go:12: load category file ./assets/100/index.json
INFO: 2020/10/18 17:28:58 logger.go:17: test
INFO: 2020/10/18 17:29:00 pagemain.go:30: selected anarchy/ - Files that YOU SHOULD NOT FOLLOW
INFO: 2020/10/18 17:30:32 logger.go:17: test
INFO: 2020/10/18 17:30:33 pagemain.go:30: selected anarchy/ - Files that YOU SHOULD NOT FOLLOW
INFO: 2020/10/18 17:30:33 pagemain.go:16: load category anarchy/
INFO: 2020/10/18 17:30:33 pagemain.go:19: load category file ./assets/anarchy/index.json
INFO: 2020/10/18 17:31:20 logger.go:17: test
INFO: 2020/10/18 17:31:21 pagemain.go:30: selected adventure/ - Walkthroughs and Hints for Text Adventures
INFO: 2020/10/18 17:31:21 pagemain.go:16: load category adventure/
INFO: 2020/10/18 17:31:21 pagemain.go:19: load category file ./assets/adventure/index.json
INFO: 2020/10/18 17:31:32 logger.go:17: test
INFO: 2020/10/18 17:31:32 pagemain.go:30: selected 100/ - No time to browse? Read my favorite 100
INFO: 2020/10/18 17:31:32 pagemain.go:16: load category 100/
INFO: 2020/10/18 17:31:32 pagemain.go:19: load category file ./assets/100/index.json
INFO: 2020/10/18 17:31:48 logger.go:17: test
INFO: 2020/10/18 17:31:49 pagemain.go:30: selected adventure/ - Walkthroughs and Hints for Text Adventures
INFO: 2020/10/18 17:31:49 pagemain.go:16: load category adventure/
INFO: 2020/10/18 17:31:49 pagemain.go:19: load category file ./assets/adventure/index.json
INFO: 2020/10/18 17:32:22 logger.go:17: test
INFO: 2020/10/18 17:32:23 pagemain.go:30: selected 100/ - No time to browse? Read my favorite 100
INFO: 2020/10/18 17:32:23 pagemain.go:16: load category 100/
INFO: 2020/10/18 17:32:23 pagemain.go:19: load category file ./assets/100/index.json
INFO: 2020/10/18 17:32:29 logger.go:17: test
INFO: 2020/10/18 17:32:31 pagemain.go:30: selected adventure/ - Walkthroughs and Hints for Text Adventures
INFO: 2020/10/18 17:32:31 pagemain.go:16: load category adventure/
INFO: 2020/10/18 17:32:31 pagemain.go:19: load category file ./assets/adventure/index.json
INFO: 2020/10/18 17:32:32 pagemain.go:30: selected INFOCOM/ - Files About Infocom, the Greatest Adventure Makers Ever
INFO: 2020/10/18 17:32:32 pagemain.go:16: load category 100/
INFO: 2020/10/18 17:32:32 pagemain.go:19: load category file ./assets/100/index.json
INFO: 2020/10/18 17:32:36 pagemain.go:30: selected 914bbs.txt - 914 Area Code BBS List, by Dan Gelman (January 15, 1984)A snapshot of the typical BBSes you might find in an area code, in this case, mine. A good portion of the "General" boards you see listed were in fact Phreak or Pirate boards. Keeping an active account on all your local systems could be quite time-consuming.
INFO: 2020/10/18 17:32:36 pagemain.go:16: load category 100/
INFO: 2020/10/18 17:32:36 pagemain.go:19: load category file ./assets/100/index.json
INFO: 2020/10/18 17:32:37 logger.go:17: test
INFO: 2020/10/18 17:32:39 pagemain.go:30: selected adventure/ - Walkthroughs and Hints for Text Adventures
INFO: 2020/10/18 17:32:39 pagemain.go:16: load category adventure/
INFO: 2020/10/18 17:32:39 pagemain.go:19: load category file ./assets/adventure/index.json
INFO: 2020/10/18 17:32:41 pagemain.go:30: selected INFOCOM/ - Files About Infocom, the Greatest Adventure Makers Ever
INFO: 2020/10/18 17:32:41 pagemain.go:16: load category 100/
INFO: 2020/10/18 17:32:41 pagemain.go:19: load category file ./assets/100/index.json
INFO: 2020/10/18 17:34:55 logger.go:17: test
INFO: 2020/10/18 17:34:57 pagemain.go:34: selected adventure/ - Walkthroughs and Hints for Text Adventures
INFO: 2020/10/18 17:34:57 pagemain.go:16: load category adventure/
INFO: 2020/10/18 17:34:57 pagemain.go:20: load category file ./assets/adventure/index.json
INFO: 2020/10/18 17:34:57 pagemain.go:34: selected INFOCOM/ - Files About Infocom, the Greatest Adventure Makers Ever
INFO: 2020/10/18 17:34:57 pagemain.go:16: load category 100/
INFO: 2020/10/18 17:34:57 pagemain.go:20: load category file ./assets/100/index.json
INFO: 2020/10/18 17:35:11 logger.go:17: test
INFO: 2020/10/18 17:35:12 pagemain.go:34: selected 100/ - No time to browse? Read my favorite 100
INFO: 2020/10/18 17:35:12 pagemain.go:16: load category 100/
INFO: 2020/10/18 17:35:12 pagemain.go:20: load category file ./assets/100/index.json
INFO: 2020/10/18 17:35:14 logger.go:17: test
INFO: 2020/10/18 17:35:15 pagemain.go:34: selected adventure/ - Walkthroughs and Hints for Text Adventures
INFO: 2020/10/18 17:35:15 pagemain.go:16: load category adventure/
INFO: 2020/10/18 17:35:15 pagemain.go:20: load category file ./assets/adventure/index.json
INFO: 2020/10/18 17:35:15 pagemain.go:34: selected INFOCOM/ - Files About Infocom, the Greatest Adventure Makers Ever
INFO: 2020/10/18 17:35:15 pagemain.go:16: load category 100/
INFO: 2020/10/18 17:35:15 pagemain.go:20: load category file ./assets/./assets/adventure/100/index.json
INFO: 2020/10/18 17:36:12 logger.go:17: test
INFO: 2020/10/18 17:36:13 pagemain.go:36: selected adventure/ - Walkthroughs and Hints for Text Adventures
INFO: 2020/10/18 17:36:13 pagemain.go:16: load category adventure/
INFO: 2020/10/18 17:36:13 pagemain.go:20: load category file ./assets/adventure/index.json
INFO: 2020/10/18 17:36:14 pagemain.go:36: selected INFOCOM/ - Files About Infocom, the Greatest Adventure Makers Ever
INFO: 2020/10/18 17:36:14 pagemain.go:16: load category INFOCOM/
INFO: 2020/10/18 17:36:14 pagemain.go:20: load category file ./assets/./assets/adventure/INFOCOM/index.json
INFO: 2020/10/18 17:36:52 logger.go:17: test
INFO: 2020/10/18 17:36:54 pagemain.go:36: selected adventure/ - Walkthroughs and Hints for Text Adventures
INFO: 2020/10/18 17:36:54 pagemain.go:16: load category adventure/
INFO: 2020/10/18 17:36:54 pagemain.go:20: load category file ./assets/adventure/index.json
INFO: 2020/10/18 17:36:54 pagemain.go:36: selected INFOCOM/ - Files About Infocom, the Greatest Adventure Makers Ever
INFO: 2020/10/18 17:36:54 pagemain.go:16: load category INFOCOM/
INFO: 2020/10/18 17:36:54 pagemain.go:20: load category file ./assets/adventure/INFOCOM/index.json
INFO: 2020/10/18 18:06:56 logger.go:17: test
INFO: 2020/10/18 18:07:18 logger.go:17: test
INFO: 2020/10/18 18:09:28 logger.go:17: test
INFO: 2020/10/18 18:10:24 logger.go:17: test
INFO: 2020/10/18 18:10:26 pagemain.go:31: selected adventure/ - Walkthroughs and Hints for Text Adventures
INFO: 2020/10/18 18:10:26 pagemain.go:13: load category adventure/
INFO: 2020/10/18 18:10:26 pagemain.go:17: load category file ./assets/adventure/index.json
INFO: 2020/10/18 18:10:27 pagemain.go:31: selected INFOCOM/ - Files About Infocom, the Greatest Adventure Makers Ever
INFO: 2020/10/18 18:10:27 pagemain.go:13: load category INFOCOM/
INFO: 2020/10/18 18:10:27 pagemain.go:17: load category file ./assets/adventure/INFOCOM/index.json
INFO: 2020/10/18 18:10:28 pagemain.go:31: selected ballyhoo.adv - Solution to Infocom's Ballyhoo
INFO: 2020/10/18 18:10:28 pagetext.go:22: load text file ballyhoo.adv
INFO: 2020/10/18 18:10:28 pagetext.go:15: open ballyhoo.adv: no such file or directory
INFO: 2020/10/18 18:10:46 logger.go:17: test
INFO: 2020/10/18 18:10:46 pagemain.go:31: selected 100/ - No time to browse? Read my favorite 100
INFO: 2020/10/18 18:10:46 pagemain.go:13: load category 100/
INFO: 2020/10/18 18:10:46 pagemain.go:17: load category file ./assets/100/index.json
INFO: 2020/10/18 18:10:47 pagemain.go:31: selected 914bbs.txt - 914 Area Code BBS List, by Dan Gelman (January 15, 1984)A snapshot of the typical BBSes you might find in an area code, in this case, mine. A good portion of the "General" boards you see listed were in fact Phreak or Pirate boards. Keeping an active account on all your local systems could be quite time-consuming.
INFO: 2020/10/18 18:10:47 pagetext.go:22: load text file 914bbs.txt
INFO: 2020/10/18 18:10:53 logger.go:17: test
INFO: 2020/10/18 18:10:54 pagemain.go:31: selected anarchy/ - Files that YOU SHOULD NOT FOLLOW
INFO: 2020/10/18 18:10:54 pagemain.go:13: load category anarchy/
INFO: 2020/10/18 18:10:54 pagemain.go:17: load category file ./assets/anarchy/index.json
INFO: 2020/10/18 18:10:57 pagemain.go:31: selected CARDING/ - On Committing Credit Card Fraud
INFO: 2020/10/18 18:10:57 pagemain.go:13: load category CARDING/
INFO: 2020/10/18 18:10:57 pagemain.go:17: load category file ./assets/anarchy/CARDING/index.json
INFO: 2020/10/18 18:10:58 pagemain.go:31: selected ac1.txt - Advanced Carding Techniques by The Disk Jockey
INFO: 2020/10/18 18:10:58 pagetext.go:22: load text file ac1.txt
INFO: 2020/10/18 18:11:06 logger.go:17: test
INFO: 2020/10/18 18:11:46 logger.go:17: test
INFO: 2020/10/18 18:11:49 pagemain.go:31: selected anarchy/ - Files that YOU SHOULD NOT FOLLOW
INFO: 2020/10/18 18:11:49 pagemain.go:13: load category anarchy/
INFO: 2020/10/18 18:11:49 pagemain.go:17: load category file ./assets/anarchy/index.json
INFO: 2020/10/18 18:11:50 pagemain.go:31: selected CARDING/ - On Committing Credit Card Fraud
INFO: 2020/10/18 18:11:50 pagemain.go:13: load category CARDING/
INFO: 2020/10/18 18:11:50 pagemain.go:17: load category file ./assets/anarchy/CARDING/index.json
INFO: 2020/10/18 18:11:51 pagemain.go:31: selected ac1.txt - Advanced Carding Techniques by The Disk Jockey
INFO: 2020/10/18 18:11:51 pagetext.go:22: load text file ac1.txt
INFO: 2020/10/18 18:12:12 logger.go:17: test
INFO: 2020/10/18 18:12:13 pagemain.go:31: selected anarchy/ - Files that YOU SHOULD NOT FOLLOW
INFO: 2020/10/18 18:12:13 pagemain.go:13: load category anarchy/
INFO: 2020/10/18 18:12:13 pagemain.go:17: load category file ./assets/anarchy/index.json
INFO: 2020/10/18 18:12:14 pagemain.go:31: selected CARDING/ - On Committing Credit Card Fraud
INFO: 2020/10/18 18:12:14 pagemain.go:13: load category CARDING/
INFO: 2020/10/18 18:12:14 pagemain.go:17: load category file ./assets/anarchy/CARDING/index.json
INFO: 2020/10/18 18:12:15 pagemain.go:31: selected act_04.dj - Advanced Carding Part 4: Motel Carding, by The Disk Jockey
INFO: 2020/10/18 18:12:15 pagetext.go:22: load text file act_04.dj
INFO: 2020/10/18 18:15:28 logger.go:17: test
INFO: 2020/10/18 18:15:29 pagemain.go:31: selected anarchy/ - Files that YOU SHOULD NOT FOLLOW
INFO: 2020/10/18 18:15:29 pagemain.go:13: load category anarchy/
INFO: 2020/10/18 18:15:29 pagemain.go:17: load category file ./assets/anarchy/index.json
INFO: 2020/10/18 18:15:32 pagemain.go:31: selected 176.txt - The Ninja Warrior Presents: Poison #1
INFO: 2020/10/18 18:15:32 pagetext.go:22: load text file 176.txt
INFO: 2020/10/18 18:15:34 logger.go:17: test
INFO: 2020/10/18 18:15:36 pagemain.go:31: selected anarchy/ - Files that YOU SHOULD NOT FOLLOW
INFO: 2020/10/18 18:15:36 pagemain.go:13: load category anarchy/
INFO: 2020/10/18 18:15:36 pagemain.go:17: load category file ./assets/anarchy/index.json
INFO: 2020/10/18 18:15:38 pagemain.go:31: selected LOCKPICKING/ - Files About Getting Through Locks
INFO: 2020/10/18 18:15:38 pagemain.go:13: load category LOCKPICKING/
INFO: 2020/10/18 18:15:38 pagemain.go:17: load category file ./assets/anarchy/LOCKPICKING/index.json
INFO: 2020/10/18 18:15:40 logger.go:17: test
INFO: 2020/10/18 18:15:41 pagemain.go:31: selected anarchy/ - Files that YOU SHOULD NOT FOLLOW
INFO: 2020/10/18 18:15:41 pagemain.go:13: load category anarchy/
INFO: 2020/10/18 18:15:41 pagemain.go:17: load category file ./assets/anarchy/index.json
INFO: 2020/10/18 18:16:31 pagemain.go:31: selected FREELOADING/ - Getting Something for Nothing
INFO: 2020/10/18 18:16:31 pagemain.go:13: load category FREELOADING/
INFO: 2020/10/18 18:16:31 pagemain.go:17: load category file ./assets/anarchy/FREELOADING/index.json
INFO: 2020/10/18 18:21:23 logger.go:17: test
INFO: 2020/10/18 18:21:25 pagemain.go:31: selected anarchy/ - Files that YOU SHOULD NOT FOLLOW
INFO: 2020/10/18 18:21:25 pagemain.go:13: load category anarchy/
INFO: 2020/10/18 18:21:25 pagemain.go:17: load category file ./assets/anarchy/index.json
INFO: 2020/10/18 18:21:26 pagemain.go:31: selected 201.txt - ANFOS: Ammonium Nitrate - Fuel Oil Solution
INFO: 2020/10/18 18:21:26 pagetext.go:22: load text file 201.txt
INFO: 2020/10/18 18:44:40 logger.go:17: test
INFO: 2020/10/18 18:46:06 logger.go:17: test
INFO: 2020/10/18 18:46:06 pagemain.go:34: selected 0 100/ - No time to browse? Read my favorite 100
INFO: 2020/10/18 18:46:06 pagemain.go:15: load category 100/
INFO: 2020/10/18 18:46:06 pagemain.go:19: load category file ./assets/100/index.json
INFO: 2020/10/18 18:48:05 logger.go:17: test
INFO: 2020/10/18 18:48:08 pagemain.go:34: selected 1 adventure/ - Walkthroughs and Hints for Text Adventures
INFO: 2020/10/18 18:48:08 pagemain.go:38: Pusing index 1, state is [0 0 0 0 0 1]
INFO: 2020/10/18 18:48:08 pagemain.go:15: load category adventure/
INFO: 2020/10/18 18:48:08 pagemain.go:19: load category file ./assets/adventure/index.json
INFO: 2020/10/18 18:48:12 pagemain.go:34: selected 3 2400ad.txt - Walkthrough for 2400 A.D. Version 1.0 by Andrew Schultz (2000)
INFO: 2020/10/18 18:48:12 pagemain.go:38: Pusing index 3, state is [0 0 0 0 0 1 3]
INFO: 2020/10/18 18:48:12 pagetext.go:22: load text file 2400ad.txt
INFO: 2020/10/18 18:48:31 logger.go:17: test
INFO: 2020/10/18 18:48:33 pagemain.go:34: selected 1 adventure/ - Walkthroughs and Hints for Text Adventures
INFO: 2020/10/18 18:48:33 pagemain.go:38: Pusing index 1, state is [1]
INFO: 2020/10/18 18:48:33 pagemain.go:15: load category adventure/
INFO: 2020/10/18 18:48:33 pagemain.go:19: load category file ./assets/adventure/index.json
INFO: 2020/10/18 18:48:39 pagemain.go:34: selected 5 aaow.sol - SOLUTION: The Ancient Art of War, by Zan of Gamer's Forum
INFO: 2020/10/18 18:48:39 pagemain.go:38: Pusing index 5, state is [1 5]
INFO: 2020/10/18 18:48:39 pagetext.go:22: load text file aaow.sol
INFO: 2020/10/18 19:27:20 logger.go:17: test
INFO: 2020/10/18 19:32:09 logger.go:17: test
INFO: 2020/10/18 19:32:55 logger.go:17: test
INFO: 2020/10/18 19:34:15 logger.go:17: test
INFO: 2020/10/18 19:34:18 pagemain.go:35: selected 10 food/ - Food and Eating
INFO: 2020/10/18 19:34:18 pagemain.go:39: Pusing index 10, state is [10]
INFO: 2020/10/18 19:34:18 pagemain.go:16: load category food/
INFO: 2020/10/18 19:34:18 pagemain.go:20: load category file ./assets/food/index.json
INFO: 2020/10/18 19:35:04 logger.go:17: test
INFO: 2020/10/18 19:35:07 pagemain.go:35: selected 2 anarchy/ - Files that YOU SHOULD NOT FOLLOW
INFO: 2020/10/18 19:35:07 pagemain.go:39: Pusing index 2, state is [2]
INFO: 2020/10/18 19:35:07 pagemain.go:16: load category anarchy/
INFO: 2020/10/18 19:35:07 pagemain.go:20: load category file ./assets/anarchy/index.json
INFO: 2020/10/18 19:35:09 logger.go:17: test
INFO: 2020/10/18 19:40:43 logger.go:17: test
INFO: 2020/10/18 19:40:44 pagemain.go:53: key is 258
INFO: 2020/10/18 19:40:45 pagemain.go:53: key is 258
INFO: 2020/10/18 19:40:45 pagemain.go:53: key is 258
INFO: 2020/10/18 19:40:46 pagemain.go:53: key is 258
INFO: 2020/10/18 19:40:46 pagemain.go:53: key is 258
INFO: 2020/10/18 19:40:47 pagemain.go:53: key is 27
INFO: 2020/10/18 19:40:47 pagemain.go:55: Got Escape on list
INFO: 2020/10/18 19:46:01 pagemain.go:53: key is 3
INFO: 2020/10/18 19:46:03 logger.go:17: test
INFO: 2020/10/18 19:46:04 pagemain.go:57: key is 258
INFO: 2020/10/18 19:46:04 pagemain.go:57: key is 258
INFO: 2020/10/18 19:46:05 pagemain.go:57: key is 13
INFO: 2020/10/18 19:46:05 pagemain.go:39: selected 2 anarchy/ - Files that YOU SHOULD NOT FOLLOW
INFO: 2020/10/18 19:46:05 pagemain.go:43: Pusing index 2, state is [2]
INFO: 2020/10/18 19:46:05 pagemain.go:17: load category anarchy/
INFO: 2020/10/18 19:46:05 pagemain.go:21: load category file ./assets/anarchy/index.json
INFO: 2020/10/18 19:46:05 pagemain.go:31: Dir stack is [anarchy/]
INFO: 2020/10/18 19:46:06 pagemain.go:57: key is 258
INFO: 2020/10/18 19:46:07 pagemain.go:57: key is 258
INFO: 2020/10/18 19:46:07 pagemain.go:57: key is 13
INFO: 2020/10/18 19:46:07 pagemain.go:39: selected 2 FREELOADING/ - Getting Something for Nothing
INFO: 2020/10/18 19:46:07 pagemain.go:43: Pusing index 2, state is [2 2]
INFO: 2020/10/18 19:46:07 pagemain.go:17: load category FREELOADING/
INFO: 2020/10/18 19:46:07 pagemain.go:21: load category file ./assets/anarchy/FREELOADING/index.json
INFO: 2020/10/18 19:46:07 pagemain.go:31: Dir stack is [anarchy/ FREELOADING/]
INFO: 2020/10/18 19:46:11 pagemain.go:57: key is 3
INFO: 2020/10/18 19:59:38 logger.go:17: test
INFO: 2020/10/18 19:59:40 pagemain.go:57: key is 13
INFO: 2020/10/18 19:59:40 pagemain.go:39: selected 0 100/ - No time to browse? Read my favorite 100
INFO: 2020/10/18 19:59:40 pagemain.go:43: Pusing index 0, state is [0]
INFO: 2020/10/18 19:59:40 pagemain.go:17: load category 100/
INFO: 2020/10/18 19:59:40 pagemain.go:21: load category file ./assets/100/index.json
INFO: 2020/10/18 19:59:40 pagemain.go:31: Dir stack is [./assets/ 100/]
INFO: 2020/10/18 19:59:42 pagemain.go:57: key is 27
INFO: 2020/10/18 19:59:42 pagemain.go:59: Got Escape on list
INFO: 2020/10/18 19:59:56 pagemain.go:57: key is 3
INFO: 2020/10/18 19:59:57 logger.go:17: test
INFO: 2020/10/18 20:00:01 pagemain.go:57: key is 258
INFO: 2020/10/18 20:00:02 pagemain.go:57: key is 258
INFO: 2020/10/18 20:00:03 pagemain.go:57: key is 13
INFO: 2020/10/18 20:00:03 pagemain.go:39: selected 2 anarchy/ - Files that YOU SHOULD NOT FOLLOW
INFO: 2020/10/18 20:00:03 pagemain.go:43: Pusing index 2, state is [2]
INFO: 2020/10/18 20:00:03 pagemain.go:17: load category anarchy/
INFO: 2020/10/18 20:00:03 pagemain.go:21: load category file ./assets/anarchy/index.json
INFO: 2020/10/18 20:00:03 pagemain.go:31: Dir stack is [./assets/ anarchy/]
INFO: 2020/10/18 20:00:03 pagemain.go:57: key is 13
INFO: 2020/10/18 20:00:03 pagemain.go:39: selected 0 CARDING/ - On Committing Credit Card Fraud
INFO: 2020/10/18 20:00:03 pagemain.go:43: Pusing index 0, state is [2 0]
INFO: 2020/10/18 20:00:03 pagemain.go:17: load category CARDING/
INFO: 2020/10/18 20:00:03 pagemain.go:21: load category file ./assets/anarchy/CARDING/index.json
INFO: 2020/10/18 20:00:03 pagemain.go:31: Dir stack is [./assets/ anarchy/ CARDING/]
INFO: 2020/10/18 20:00:05 pagemain.go:57: key is 27
INFO: 2020/10/18 20:00:05 pagemain.go:59: Got Escape on list
INFO: 2020/10/18 20:00:05 pagemain.go:62: Dir stack is [./assets/ anarchy/]
INFO: 2020/10/18 20:00:07 pagemain.go:57: key is 27
INFO: 2020/10/18 20:00:07 pagemain.go:59: Got Escape on list
INFO: 2020/10/18 20:00:07 pagemain.go:62: Dir stack is [./assets/]
INFO: 2020/10/18 20:00:08 pagemain.go:57: key is 27
INFO: 2020/10/18 20:00:08 pagemain.go:59: Got Escape on list
INFO: 2020/10/18 20:00:08 pagemain.go:62: Dir stack is []
INFO: 2020/10/18 20:00:09 pagemain.go:57: key is 27
INFO: 2020/10/18 20:00:09 pagemain.go:59: Got Escape on list
INFO: 2020/10/18 20:00:58 logger.go:17: test
INFO: 2020/10/18 20:00:59 pagemain.go:57: key is 258
INFO: 2020/10/18 20:00:59 pagemain.go:57: key is 258
INFO: 2020/10/18 20:01:00 pagemain.go:57: key is 13
INFO: 2020/10/18 20:01:00 pagemain.go:39: selected 2 anarchy/ - Files that YOU SHOULD NOT FOLLOW
INFO: 2020/10/18 20:01:00 pagemain.go:43: Pusing index 2, state is [2]
INFO: 2020/10/18 20:01:00 pagemain.go:17: load category anarchy/
INFO: 2020/10/18 20:01:00 pagemain.go:21: load category file ./assets/anarchy/index.json
INFO: 2020/10/18 20:01:00 pagemain.go:31: Dir stack is [./assets/ anarchy/]
INFO: 2020/10/18 20:01:00 pagemain.go:57: key is 13
INFO: 2020/10/18 20:01:00 pagemain.go:39: selected 0 CARDING/ - On Committing Credit Card Fraud
INFO: 2020/10/18 20:01:00 pagemain.go:43: Pusing index 0, state is [2 0]
INFO: 2020/10/18 20:01:00 pagemain.go:17: load category CARDING/
INFO: 2020/10/18 20:01:00 pagemain.go:21: load category file ./assets/anarchy/CARDING/index.json
INFO: 2020/10/18 20:01:00 pagemain.go:31: Dir stack is [./assets/ anarchy/ CARDING/]
INFO: 2020/10/18 20:01:01 pagemain.go:57: key is 27
INFO: 2020/10/18 20:01:01 pagemain.go:60: Got Escape on list
INFO: 2020/10/18 20:01:01 pagemain.go:63: Dir stack is [./assets/ anarchy/]
INFO: 2020/10/18 20:01:02 pagemain.go:57: key is 27
INFO: 2020/10/18 20:01:02 pagemain.go:60: Got Escape on list
INFO: 2020/10/18 20:01:02 pagemain.go:63: Dir stack is [./assets/]
INFO: 2020/10/18 20:01:03 pagemain.go:57: key is 27
INFO: 2020/10/18 20:01:03 pagemain.go:57: key is 27
INFO: 2020/10/18 20:01:43 pagemain.go:57: key is 3
INFO: 2020/10/18 20:01:44 logger.go:17: test
INFO: 2020/10/18 20:01:44 pagemain.go:57: key is 258
INFO: 2020/10/18 20:01:45 pagemain.go:57: key is 258
INFO: 2020/10/18 20:01:45 pagemain.go:57: key is 13
INFO: 2020/10/18 20:01:45 pagemain.go:39: selected 2 anarchy/ - Files that YOU SHOULD NOT FOLLOW
INFO: 2020/10/18 20:01:45 pagemain.go:43: Pusing index 2, state is [2]
INFO: 2020/10/18 20:01:45 pagemain.go:17: load category anarchy/
INFO: 2020/10/18 20:01:45 pagemain.go:21: load category file ./assets/anarchy/index.json
INFO: 2020/10/18 20:01:45 pagemain.go:31: Dir stack is [./assets/ anarchy/]
INFO: 2020/10/18 20:01:46 pagemain.go:57: key is 258
INFO: 2020/10/18 20:01:46 pagemain.go:57: key is 257
INFO: 2020/10/18 20:01:46 pagemain.go:57: key is 13
INFO: 2020/10/18 20:01:46 pagemain.go:39: selected 0 CARDING/ - On Committing Credit Card Fraud
INFO: 2020/10/18 20:01:46 pagemain.go:43: Pusing index 0, state is [2 0]
INFO: 2020/10/18 20:01:46 pagemain.go:17: load category CARDING/
INFO: 2020/10/18 20:01:46 pagemain.go:21: load category file ./assets/anarchy/CARDING/index.json
INFO: 2020/10/18 20:01:46 pagemain.go:31: Dir stack is [./assets/ anarchy/ CARDING/]
INFO: 2020/10/18 20:01:47 pagemain.go:57: key is 27
INFO: 2020/10/18 20:01:47 pagemain.go:60: Got Escape on list
INFO: 2020/10/18 20:01:47 pagemain.go:63: Dir stack is [./assets/ anarchy/]
INFO: 2020/10/18 20:02:14 logger.go:17: test
INFO: 2020/10/18 20:02:14 pagemain.go:57: key is 258
INFO: 2020/10/18 20:02:15 pagemain.go:57: key is 258
INFO: 2020/10/18 20:02:15 pagemain.go:57: key is 13
INFO: 2020/10/18 20:02:15 pagemain.go:39: selected 2 anarchy/ - Files that YOU SHOULD NOT FOLLOW
INFO: 2020/10/18 20:02:15 pagemain.go:43: Pusing index 2, state is [2]
INFO: 2020/10/18 20:02:15 pagemain.go:17: load category anarchy/
INFO: 2020/10/18 20:02:15 pagemain.go:21: load category file ./assets/anarchy/index.json
INFO: 2020/10/18 20:02:15 pagemain.go:31: Dir stack is [./assets/ anarchy/]
INFO: 2020/10/18 20:02:16 pagemain.go:57: key is 13
INFO: 2020/10/18 20:02:16 pagemain.go:39: selected 0 CARDING/ - On Committing Credit Card Fraud
INFO: 2020/10/18 20:02:16 pagemain.go:43: Pusing index 0, state is [2 0]
INFO: 2020/10/18 20:02:16 pagemain.go:17: load category CARDING/
INFO: 2020/10/18 20:02:16 pagemain.go:21: load category file ./assets/anarchy/CARDING/index.json
INFO: 2020/10/18 20:02:16 pagemain.go:31: Dir stack is [./assets/ anarchy/ CARDING/]
INFO: 2020/10/18 20:02:16 pagemain.go:57: key is 27
INFO: 2020/10/18 20:02:16 pagemain.go:60: Got Escape on list
INFO: 2020/10/18 20:02:16 pagemain.go:63: Dir stack is [./assets/ anarchy/]
INFO: 2020/10/18 20:02:16 pagemain.go:17: load category anarchy/
INFO: 2020/10/18 20:02:16 pagemain.go:21: load category file ./assets/anarchy/CARDING/anarchy/index.json
INFO: 2020/10/18 20:02:16 main.go:28: open ./assets/anarchy/CARDING/anarchy/index.json: no such file or directory
INFO: 2020/10/18 20:02:16 main.go:34: unexpected end of JSON input
INFO: 2020/10/18 20:02:16 pagemain.go:31: Dir stack is [./assets/ anarchy/ anarchy/]
INFO: 2020/10/18 20:06:36 pagemain.go:57: key is 3
INFO: 2020/10/18 20:06:36 logger.go:17: test
INFO: 2020/10/18 20:06:38 pagemain.go:66: key is 258
INFO: 2020/10/18 20:06:38 pagemain.go:66: key is 258
INFO: 2020/10/18 20:06:41 pagemain.go:66: key is 13
INFO: 2020/10/18 20:06:41 pagemain.go:48: selected 2 anarchy/ - Files that YOU SHOULD NOT FOLLOW
INFO: 2020/10/18 20:06:41 pagemain.go:52: Pusing index 2, state is [2]
INFO: 2020/10/18 20:06:41 pagemain.go:26: load category anarchy/
INFO: 2020/10/18 20:06:41 pagemain.go:31: load category file ./assets/anarchy/index.json
INFO: 2020/10/18 20:06:41 pagemain.go:40: Dir stack is [./assets/ anarchy/]
INFO: 2020/10/18 20:06:43 pagemain.go:66: key is 258
INFO: 2020/10/18 20:06:43 pagemain.go:66: key is 257
INFO: 2020/10/18 20:06:44 pagemain.go:66: key is 13
INFO: 2020/10/18 20:06:44 pagemain.go:48: selected 0 CARDING/ - On Committing Credit Card Fraud
INFO: 2020/10/18 20:06:44 pagemain.go:52: Pusing index 0, state is [2 0]
INFO: 2020/10/18 20:06:44 pagemain.go:26: load category CARDING/
INFO: 2020/10/18 20:06:44 pagemain.go:31: load category file ./assets/anarchy/CARDING/index.json
INFO: 2020/10/18 20:06:44 pagemain.go:40: Dir stack is [./assets/ anarchy/ CARDING/]
INFO: 2020/10/18 20:06:47 pagemain.go:66: key is 27
INFO: 2020/10/18 20:06:47 pagemain.go:69: Got Escape on list
INFO: 2020/10/18 20:06:47 pagemain.go:72: Dir stack is [./assets/ anarchy/]
INFO: 2020/10/18 20:06:47 pagemain.go:26: load category anarchy/
INFO: 2020/10/18 20:06:47 pagemain.go:31: load category file ./assets/anarchy/anarchy/index.json
INFO: 2020/10/18 20:06:47 main.go:28: open ./assets/anarchy/anarchy/index.json: no such file or directory
INFO: 2020/10/18 20:06:47 main.go:34: unexpected end of JSON input
INFO: 2020/10/18 20:06:47 pagemain.go:40: Dir stack is [./assets/ anarchy/ anarchy/]
INFO: 2020/10/18 20:08:08 pagemain.go:66: key is 3
INFO: 2020/10/18 20:08:09 logger.go:17: test
INFO: 2020/10/18 20:08:13 pagemain.go:48: selected 2 anarchy/ - Files that YOU SHOULD NOT FOLLOW
INFO: 2020/10/18 20:08:13 pagemain.go:52: Pusing index 2, state is [2]
INFO: 2020/10/18 20:08:13 pagemain.go:26: load category anarchy/
INFO: 2020/10/18 20:08:13 pagemain.go:31: load category file ./assets/anarchy/index.json
INFO: 2020/10/18 20:08:13 pagemain.go:40: Dir stack is [./assets/ anarchy/]
INFO: 2020/10/18 20:08:17 pagemain.go:48: selected 2 FREELOADING/ - Getting Something for Nothing
INFO: 2020/10/18 20:08:17 pagemain.go:52: Pusing index 2, state is [2 2]
INFO: 2020/10/18 20:08:17 pagemain.go:26: load category FREELOADING/
INFO: 2020/10/18 20:08:17 pagemain.go:31: load category file ./assets/anarchy/FREELOADING/index.json
INFO: 2020/10/18 20:08:17 pagemain.go:40: Dir stack is [./assets/ anarchy/ FREELOADING/]
INFO: 2020/10/18 20:08:21 pagemain.go:69: Got Escape on list
INFO: 2020/10/18 20:08:21 pagemain.go:70: Dir stack was [./assets/ anarchy/ FREELOADING/]
INFO: 2020/10/18 20:08:21 pagemain.go:73: Dir stack is [./assets/ anarchy/]
INFO: 2020/10/18 20:08:21 pagemain.go:26: load category anarchy/
INFO: 2020/10/18 20:08:21 pagemain.go:31: load category file ./assets/anarchy/anarchy/index.json
INFO: 2020/10/18 20:08:21 main.go:28: open ./assets/anarchy/anarchy/index.json: no such file or directory
INFO: 2020/10/18 20:08:21 main.go:34: unexpected end of JSON input
INFO: 2020/10/18 20:08:21 pagemain.go:40: Dir stack is [./assets/ anarchy/ anarchy/]
INFO: 2020/10/18 20:10:14 logger.go:17: test
INFO: 2020/10/18 20:10:15 pagemain.go:48: selected 2 anarchy/ - Files that YOU SHOULD NOT FOLLOW
INFO: 2020/10/18 20:10:15 pagemain.go:52: Pusing index 2, state is [2]
INFO: 2020/10/18 20:10:15 pagemain.go:26: load category anarchy/
INFO: 2020/10/18 20:10:15 pagemain.go:31: load category file ./assets/anarchy/index.json
INFO: 2020/10/18 20:10:15 pagemain.go:40: Dir stack is [./assets/ anarchy/]
INFO: 2020/10/18 20:10:16 pagemain.go:48: selected 1 FDR/ - The FDR Anarchy File Collection
INFO: 2020/10/18 20:10:16 pagemain.go:52: Pusing index 1, state is [2 1]
INFO: 2020/10/18 20:10:16 pagemain.go:26: load category FDR/
INFO: 2020/10/18 20:10:16 pagemain.go:31: load category file ./assets/anarchy/FDR/index.json
INFO: 2020/10/18 20:10:16 pagemain.go:40: Dir stack is [./assets/ anarchy/ FDR/]
INFO: 2020/10/18 20:10:17 pagemain.go:69: Got Escape on list
INFO: 2020/10/18 20:10:17 pagemain.go:70: Dir stack was [./assets/ anarchy/ FDR/]
INFO: 2020/10/18 20:10:17 pagemain.go:81: Dir stack is [./assets/]
INFO: 2020/10/18 20:10:17 pagemain.go:26: load category anarchy/
INFO: 2020/10/18 20:10:17 pagemain.go:31: load category file ./assets/anarchy/index.json
INFO: 2020/10/18 20:10:17 pagemain.go:40: Dir stack is [./assets/ anarchy/]
INFO: 2020/10/18 20:10:46 logger.go:17: test
INFO: 2020/10/18 20:10:47 pagemain.go:49: selected 2 anarchy/ - Files that YOU SHOULD NOT FOLLOW
INFO: 2020/10/18 20:10:47 pagemain.go:53: Pusing index 2, state is [2]
INFO: 2020/10/18 20:10:47 pagemain.go:27: load category anarchy/
INFO: 2020/10/18 20:10:47 pagemain.go:32: load category file ./assets/anarchy/index.json
INFO: 2020/10/18 20:10:47 pagemain.go:41: Dir stack is [./assets/ anarchy/]
INFO: 2020/10/18 20:10:47 pagemain.go:49: selected 0 CARDING/ - On Committing Credit Card Fraud
INFO: 2020/10/18 20:10:47 pagemain.go:53: Pusing index 0, state is [2 0]
INFO: 2020/10/18 20:10:47 pagemain.go:27: load category CARDING/
INFO: 2020/10/18 20:10:47 pagemain.go:32: load category file ./assets/anarchy/CARDING/index.json
INFO: 2020/10/18 20:10:47 pagemain.go:41: Dir stack is [./assets/ anarchy/ CARDING/]
INFO: 2020/10/18 20:10:48 pagemain.go:68: Got Escape on list
INFO: 2020/10/18 20:10:48 pagemain.go:69: Dir stack was [./assets/ anarchy/ CARDING/]
INFO: 2020/10/18 20:10:48 pagemain.go:80: Dir stack is [./assets/]
INFO: 2020/10/18 20:10:48 pagemain.go:27: load category anarchy/
INFO: 2020/10/18 20:10:48 pagemain.go:32: load category file ./assets/anarchy/index.json
INFO: 2020/10/18 20:10:48 pagemain.go:41: Dir stack is [./assets/ anarchy/]
INFO: 2020/10/18 20:10:49 pagemain.go:68: Got Escape on list
INFO: 2020/10/18 20:10:49 pagemain.go:69: Dir stack was [./assets/ anarchy/]
INFO: 2020/10/18 20:10:49 pagemain.go:80: Dir stack is []
INFO: 2020/10/18 20:10:49 pagemain.go:27: load category ./assets/
INFO: 2020/10/18 20:10:49 pagemain.go:32: load category file ./assets/index.json
INFO: 2020/10/18 20:10:49 pagemain.go:41: Dir stack is [./assets/]
INFO: 2020/10/18 20:11:15 pagemain.go:49: selected 2 anarchy/ - Files that YOU SHOULD NOT FOLLOW
INFO: 2020/10/18 20:11:15 pagemain.go:53: Pusing index 2, state is [2 0 2]
INFO: 2020/10/18 20:11:15 pagemain.go:27: load category anarchy/
INFO: 2020/10/18 20:11:15 pagemain.go:32: load category file ./assets/anarchy/index.json
INFO: 2020/10/18 20:11:15 pagemain.go:41: Dir stack is [./assets/ anarchy/]
INFO: 2020/10/18 20:11:16 pagemain.go:49: selected 0 CARDING/ - On Committing Credit Card Fraud
INFO: 2020/10/18 20:11:16 pagemain.go:53: Pusing index 0, state is [2 0 2 0]
INFO: 2020/10/18 20:11:16 pagemain.go:27: load category CARDING/
INFO: 2020/10/18 20:11:16 pagemain.go:32: load category file ./assets/anarchy/CARDING/index.json
INFO: 2020/10/18 20:11:16 pagemain.go:41: Dir stack is [./assets/ anarchy/ CARDING/]
INFO: 2020/10/18 20:11:17 pagemain.go:49: selected 2 advanced.txt - Real Credit Card Fraud by Emergency Interript of Advanced Telecommunication Inc.
INFO: 2020/10/18 20:11:17 pagemain.go:53: Pusing index 2, state is [2 0 2 0 2]
INFO: 2020/10/18 20:11:17 pagetext.go:22: load text file advanced.txt
INFO: 2020/10/18 20:13:12 logger.go:17: test
INFO: 2020/10/18 20:13:13 pagemain.go:49: selected 1 adventure/ - Walkthroughs and Hints for Text Adventures
INFO: 2020/10/18 20:13:13 pagemain.go:53: Pusing index 1, state is [1]
INFO: 2020/10/18 20:13:13 pagemain.go:27: load category adventure/
INFO: 2020/10/18 20:13:13 pagemain.go:32: load category file ./assets/adventure/index.json
INFO: 2020/10/18 20:13:13 pagemain.go:41: Dir stack is [./assets/ adventure/]
INFO: 2020/10/18 20:13:14 pagemain.go:49: selected 0 INFOCOM/ - Files About Infocom, the Greatest Adventure Makers Ever
INFO: 2020/10/18 20:13:14 pagemain.go:53: Pusing index 0, state is [1 0]
INFO: 2020/10/18 20:13:14 pagemain.go:27: load category INFOCOM/
INFO: 2020/10/18 20:13:14 pagemain.go:32: load category file ./assets/adventure/INFOCOM/index.json
INFO: 2020/10/18 20:13:14 pagemain.go:41: Dir stack is [./assets/ adventure/ INFOCOM/]
INFO: 2020/10/18 20:13:15 pagemain.go:49: selected 0 ballyhoo.adv - Solution to Infocom's Ballyhoo
INFO: 2020/10/18 20:13:15 pagemain.go:53: Pusing index 0, state is [1 0 0]
INFO: 2020/10/18 20:13:15 pagetext.go:23: load text file ballyhoo.adv
INFO: 2020/10/18 20:13:16 pagemain.go:68: Got Escape on list
INFO: 2020/10/18 20:13:16 pagemain.go:69: Dir stack was [./assets/ adventure/ INFOCOM/]
INFO: 2020/10/18 20:13:16 pagemain.go:80: Dir stack is [./assets/]
INFO: 2020/10/18 20:13:16 pagemain.go:27: load category adventure/
INFO: 2020/10/18 20:13:16 pagemain.go:32: load category file ./assets/adventure/index.json
INFO: 2020/10/18 20:13:16 pagemain.go:41: Dir stack is [./assets/ adventure/]
INFO: 2020/10/18 20:13:17 pagemain.go:68: Got Escape on list
INFO: 2020/10/18 20:13:17 pagemain.go:69: Dir stack was [./assets/ adventure/]
INFO: 2020/10/18 20:13:17 pagemain.go:80: Dir stack is []
INFO: 2020/10/18 20:13:17 pagemain.go:27: load category ./assets/
INFO: 2020/10/18 20:13:17 pagemain.go:32: load category file ./assets/index.json
INFO: 2020/10/18 20:13:17 pagemain.go:41: Dir stack is [./assets/]
INFO: 2020/10/18 20:14:30 logger.go:17: test
INFO: 2020/10/18 20:14:36 logger.go:17: test
INFO: 2020/10/18 20:14:38 pagemain.go:49: selected 2 anarchy/ - Files that YOU SHOULD NOT FOLLOW
INFO: 2020/10/18 20:14:38 pagemain.go:53: Pusing index 2, state is [2]
INFO: 2020/10/18 20:14:38 pagemain.go:27: load category anarchy/
INFO: 2020/10/18 20:14:38 pagemain.go:32: load category file ./assets/anarchy/index.json
INFO: 2020/10/18 20:14:38 pagemain.go:41: Dir stack is [./assets/ anarchy/]
INFO: 2020/10/18 20:14:38 pagemain.go:49: selected 0 CARDING/ - On Committing Credit Card Fraud
INFO: 2020/10/18 20:14:38 pagemain.go:53: Pusing index 0, state is [2 0]
INFO: 2020/10/18 20:14:38 pagemain.go:27: load category CARDING/
INFO: 2020/10/18 20:14:38 pagemain.go:32: load category file ./assets/anarchy/CARDING/index.json
INFO: 2020/10/18 20:14:38 pagemain.go:41: Dir stack is [./assets/ anarchy/ CARDING/]
INFO: 2020/10/18 20:14:39 pagemain.go:49: selected 0 ac1.txt - Advanced Carding Techniques by The Disk Jockey
INFO: 2020/10/18 20:14:39 pagemain.go:53: Pusing index 0, state is [2 0 0]
INFO: 2020/10/18 20:14:39 pagetext.go:23: load text file ac1.txt
INFO: 2020/10/18 20:14:40 pagemain.go:68: Got Escape on list
INFO: 2020/10/18 20:14:40 pagemain.go:69: Dir stack was [./assets/ anarchy/ CARDING/]
INFO: 2020/10/18 20:14:40 pagemain.go:80: Dir stack is [./assets/]
INFO: 2020/10/18 20:14:40 pagemain.go:27: load category anarchy/
INFO: 2020/10/18 20:14:40 pagemain.go:32: load category file ./assets/anarchy/index.json
INFO: 2020/10/18 20:14:40 pagemain.go:41: Dir stack is [./assets/ anarchy/]
INFO: 2020/10/18 20:14:40 pagemain.go:68: Got Escape on list
INFO: 2020/10/18 20:14:40 pagemain.go:69: Dir stack was [./assets/ anarchy/]
INFO: 2020/10/18 20:14:40 pagemain.go:80: Dir stack is []
INFO: 2020/10/18 20:14:40 pagemain.go:27: load category ./assets/
INFO: 2020/10/18 20:14:40 pagemain.go:32: load category file ./assets/index.json
INFO: 2020/10/18 20:14:40 pagemain.go:41: Dir stack is [./assets/]
INFO: 2020/10/18 20:16:21 logger.go:17: test
INFO: 2020/10/18 20:16:22 pagemain.go:49: selected 1 adventure/ - Walkthroughs and Hints for Text Adventures
INFO: 2020/10/18 20:16:22 pagemain.go:53: Pusing index 1, state is [1]
INFO: 2020/10/18 20:16:22 pagemain.go:27: load category adventure/
INFO: 2020/10/18 20:16:22 pagemain.go:32: load category file ./assets/adventure/index.json
INFO: 2020/10/18 20:16:22 pagemain.go:41: Dir stack is [./assets/ adventure/]
INFO: 2020/10/18 20:16:23 pagemain.go:49: selected 0 INFOCOM/ - Files About Infocom, the Greatest Adventure Makers Ever
INFO: 2020/10/18 20:16:23 pagemain.go:53: Pusing index 0, state is [1 0]
INFO: 2020/10/18 20:16:23 pagemain.go:27: load category INFOCOM/
INFO: 2020/10/18 20:16:23 pagemain.go:32: load category file ./assets/adventure/INFOCOM/index.json
INFO: 2020/10/18 20:16:23 pagemain.go:41: Dir stack is [./assets/ adventure/ INFOCOM/]
INFO: 2020/10/18 20:16:23 pagemain.go:49: selected 0 ballyhoo.adv - Solution to Infocom's Ballyhoo
INFO: 2020/10/18 20:16:23 pagemain.go:53: Pusing index 0, state is [1 0 0]
INFO: 2020/10/18 20:16:23 pagetext.go:23: load text file ballyhoo.adv
INFO: 2020/10/18 20:16:24 pagemain.go:68: Got Escape on list
INFO: 2020/10/18 20:16:24 pagemain.go:69: Dir stack was [./assets/ adventure/ INFOCOM/]
INFO: 2020/10/18 20:16:24 pagemain.go:80: Dir stack is [./assets/]
INFO: 2020/10/18 20:16:24 pagemain.go:27: load category adventure/
INFO: 2020/10/18 20:16:24 pagemain.go:32: load category file ./assets/adventure/index.json
INFO: 2020/10/18 20:16:24 pagemain.go:41: Dir stack is [./assets/ adventure/]
INFO: 2020/10/18 20:16:24 pagemain.go:68: Got Escape on list
INFO: 2020/10/18 20:16:24 pagemain.go:69: Dir stack was [./assets/ adventure/]
INFO: 2020/10/18 20:16:24 pagemain.go:80: Dir stack is []
INFO: 2020/10/18 20:16:24 pagemain.go:27: load category ./assets/
INFO: 2020/10/18 20:16:24 pagemain.go:32: load category file ./assets/index.json
INFO: 2020/10/18 20:16:24 pagemain.go:41: Dir stack is [./assets/]
INFO: 2020/10/25 20:05:20 logger.go:17: test
INFO: 2020/10/25 20:05:20 main.go:29: open ./assets/index.json: no such file or directory
INFO: 2020/10/25 20:05:20 main.go:35: unexpected end of JSON input
INFO: 2020/10/25 20:06:06 logger.go:17: test
INFO: 2020/10/25 20:06:06 main.go:29: open ./assets/index.json: no such file or directory
INFO: 2020/10/25 20:06:06 main.go:35: unexpected end of JSON input
INFO: 2020/10/25 20:06:50 logger.go:17: test
INFO: 2020/10/25 20:06:50 main.go:29: open ./assets/index.json: no such file or directory
INFO: 2020/10/25 20:06:50 main.go:35: unexpected end of JSON input
INFO: 2020/10/25 20:08:36 logger.go:17: test
INFO: 2020/10/25 20:08:36 main.go:29: open ./assets/index.json: no such file or directory
INFO: 2020/10/25 20:08:36 main.go:35: unexpected end of JSON input
INFO: 2020/10/25 20:12:24 logger.go:17: test
INFO: 2020/10/26 17:46:39 logger.go:17: test
INFO: 2020/10/26 17:46:45 pagemain.go:49: selected 0 100/ - No time to browse? Read my favorite 100
INFO: 2020/10/26 17:46:45 pagemain.go:53: Pusing index 0, state is [0]
INFO: 2020/10/26 17:46:45 pagemain.go:27: load category 100/
INFO: 2020/10/26 17:46:45 pagemain.go:32: load category file ./assets/100/index.json
INFO: 2020/10/26 17:46:45 pagemain.go:41: Dir stack is [./assets/ 100/]
INFO: 2020/10/26 17:46:46 pagemain.go:49: selected 0 914bbs.txt - 914 Area Code BBS List, by Dan Gelman (January 15, 1984)A snapshot of the typical BBSes you might find in an area code, in this case, mine. A good portion of the "General" boards you see listed were in fact Phreak or Pirate boards. Keeping an active account on all your local systems could be quite time-consuming.
INFO: 2020/10/26 17:46:46 pagemain.go:53: Pusing index 0, state is [0 0]
INFO: 2020/10/26 17:46:46 pagetext.go:23: load text file 914bbs.txt
INFO: 2020/10/26 17:46:49 pagemain.go:68: Got Escape on list
INFO: 2020/10/26 17:46:49 pagemain.go:69: Dir stack was [./assets/ 100/]
INFO: 2020/10/26 17:46:49 pagemain.go:80: Dir stack is []
INFO: 2020/10/26 17:46:49 pagemain.go:27: load category ./assets/
INFO: 2020/10/26 17:46:49 pagemain.go:32: load category file ./assets/index.json
INFO: 2020/10/26 17:46:49 pagemain.go:41: Dir stack is [./assets/]
INFO: 2020/10/26 17:46:51 logger.go:17: test
